<?xml version="1.0" encoding="UTF-8"?>
<!-- Generated by org.testng.reporters.JUnitReportReporter -->
<testsuite hostname="Kumarswamy-PC" failures="0" tests="3" name="TestNG_Basics.Practice" time="0.022" errors="0" timestamp="2025-02-10T15:02:23 IST" skipped="0">
  <testcase classname="TestNG_Basics.Practice" name="createOrg" time="0.018"/>
  <testcase classname="TestNG_Basics.Practice" name="createContact" time="0.003"/>
  <testcase classname="TestNG_Basics.Practice" name="createContactwithorg" time="0.001"/>
</testsuite> <!-- TestNG_Basics.Practice -->
