<?xml version="1.0" encoding="UTF-8"?>
<!-- Generated by org.testng.reporters.JUnitReportReporter -->
<testsuite hostname="Kumarswamy-PC" failures="0" tests="2" name="com.V_tiger.Contact.CreateContactTest" time="73.473" errors="0" timestamp="2025-03-03T17:41:03 IST" skipped="0">
  <testcase classname="com.V_tiger.Contact.CreateContactTest" name="createContactWithDateTest" time="33.591"/>
  <testcase classname="com.V_tiger.Contact.CreateContactTest" name="createContactWithOrgTest" time="39.882"/>
</testsuite> <!-- com.V_tiger.Contact.CreateContactTest -->
