<?xml version="1.0" encoding="UTF-8"?>
<!-- Generated by org.testng.reporters.JUnitReportReporter -->
<testsuite hostname="Kumarswamy-PC" failures="0" tests="10" name="TestNG_Basics.InvocationCount" time="0.039" errors="0" timestamp="2025-02-10T15:21:12 IST" skipped="0">
  <testcase classname="TestNG_Basics.InvocationCount" name="print" time="0.002"/>
  <testcase classname="TestNG_Basics.InvocationCount" name="print" time="0.006"/>
  <testcase classname="TestNG_Basics.InvocationCount" name="print" time="0.002"/>
  <testcase classname="TestNG_Basics.InvocationCount" name="print" time="0.002"/>
  <testcase classname="TestNG_Basics.InvocationCount" name="print" time="0.003"/>
  <testcase classname="TestNG_Basics.InvocationCount" name="print" time="0.002"/>
  <testcase classname="TestNG_Basics.InvocationCount" name="print" time="0.014"/>
  <testcase classname="TestNG_Basics.InvocationCount" name="print" time="0.003"/>
  <testcase classname="TestNG_Basics.InvocationCount" name="print" time="0.002"/>
  <testcase classname="TestNG_Basics.InvocationCount" name="print" time="0.003"/>
</testsuite> <!-- TestNG_Basics.InvocationCount -->
