<?xml version="1.0" encoding="UTF-8"?>
<!-- Generated by org.testng.reporters.JUnitReportReporter -->
<testsuite hostname="Kumarswamy-PC" failures="0" tests="3" name="TestNG_Basics.PracticeDependsOnMethod" time="0.012" errors="0" timestamp="2025-02-10T15:16:12 IST" skipped="0">
  <testcase classname="TestNG_Basics.PracticeDependsOnMethod" name="createContactwithorg" time="0.002"/>
  <testcase classname="TestNG_Basics.PracticeDependsOnMethod" name="createContact" time="0.008"/>
  <testcase classname="TestNG_Basics.PracticeDependsOnMethod" name="createOrg" time="0.002"/>
</testsuite> <!-- TestNG_Basics.PracticeDependsOnMethod -->
