<?xml version="1.0" encoding="UTF-8"?>
<!-- Generated by org.testng.reporters.JUnitReportReporter -->
<testsuite hostname="Kumarswamy-PC" failures="0" tests="2" name="TestNG_Basics.CreateOrg" time="0.008" errors="0" timestamp="2025-02-11T15:41:10 IST" skipped="0">
  <testcase classname="TestNG_Basics.CreateOrg" name="createOrgWithIndustryTest" time="0.007"/>
  <testcase classname="TestNG_Basics.CreateOrg" name="createOrgWithNameTest" time="0.001"/>
</testsuite> <!-- TestNG_Basics.CreateOrg -->
