<?xml version="1.0" encoding="UTF-8"?>
<!-- Generated by org.testng.reporters.JUnitReportReporter -->
<testsuite hostname="Kumarswamy-PC" failures="0" tests="1" name="ExtentReport_Basics.SampleReport2" time="4.051" errors="0" timestamp="2025-02-20T12:40:13 IST" skipped="0">
  <testcase classname="ExtentReport_Basics.SampleReport2" name="createContactTest" time="4.051"/>
</testsuite> <!-- ExtentReport_Basics.SampleReport2 -->
