<?xml version="1.0" encoding="UTF-8"?>
<!-- Generated by org.testng.reporters.JUnitReportReporter -->
<testsuite hostname="Kumarswamy-PC" failures="0" tests="1" name="ExtentReport_Basics.SampleReport" time="0.471" errors="0" timestamp="2025-02-20T12:34:16 IST" skipped="0">
  <testcase classname="ExtentReport_Basics.SampleReport" name="createContactTest" time="0.471"/>
</testsuite> <!-- ExtentReport_Basics.SampleReport -->
