<?xml version="1.0" encoding="UTF-8"?>
<!-- Generated by org.testng.reporters.JUnitReportReporter -->
<testsuite hostname="Kumarswamy-PC" failures="0" tests="3" name="TestNG_Basics.ThreadPoolSize" time="13.626" errors="0" timestamp="2025-02-19T16:42:10 IST" skipped="0">
  <testcase classname="TestNG_Basics.ThreadPoolSize" name="run" time="3.702"/>
  <testcase classname="TestNG_Basics.ThreadPoolSize" name="run" time="4.472"/>
  <testcase classname="TestNG_Basics.ThreadPoolSize" name="run" time="5.452"/>
</testsuite> <!-- TestNG_Basics.ThreadPoolSize -->
