<?xml version="1.0" encoding="UTF-8"?>
<!-- Generated by org.testng.reporters.JUnitReportReporter -->
<testsuite hostname="Kumarswamy-PC" failures="0" tests="2" name="TestNG_Basics.CreateContact" time="0.004" errors="0" timestamp="2025-02-11T15:38:30 IST" skipped="0">
  <testcase classname="TestNG_Basics.CreateContact" name="createContactWithDateTest" time="0.001"/>
  <testcase classname="TestNG_Basics.CreateContact" name="createContactWithNameTest" time="0.003"/>
</testsuite> <!-- TestNG_Basics.CreateContact -->
