<?xml version="1.0" encoding="UTF-8"?>
<!-- Generated by org.testng.reporters.JUnitReportReporter -->
<testsuite hostname="Kumarswamy-PC" failures="0" tests="3" name="TestNG_Basics.PracticePriority" time="0.013" errors="0" timestamp="2025-02-10T15:04:35 IST" skipped="0">
  <testcase classname="TestNG_Basics.PracticePriority" name="createOrg" time="0.010"/>
  <testcase classname="TestNG_Basics.PracticePriority" name="createContactwithorg" time="0.002"/>
  <testcase classname="TestNG_Basics.PracticePriority" name="createContact" time="0.001"/>
</testsuite> <!-- TestNG_Basics.PracticePriority -->
