<?xml version="1.0" encoding="UTF-8"?>
<!-- Generated by org.testng.reporters.JUnitReportReporter -->
<testsuite hostname="Kumarswamy-PC" failures="0" tests="5" name="TestNG_Basics.DataProviderUsingExcel" time="0.016" errors="0" timestamp="2025-02-25T21:58:04 IST" skipped="0">
  <testcase classname="TestNG_Basics.DataProviderUsingExcel" name="createOrgTest" time="0.001"/>
  <testcase classname="TestNG_Basics.DataProviderUsingExcel" name="createOrgTest" time="0.008"/>
  <testcase classname="TestNG_Basics.DataProviderUsingExcel" name="createOrgTest" time="0.002"/>
  <testcase classname="TestNG_Basics.DataProviderUsingExcel" name="createOrgTest" time="0.003"/>
  <testcase classname="TestNG_Basics.DataProviderUsingExcel" name="createOrgTest" time="0.002"/>
</testsuite> <!-- TestNG_Basics.DataProviderUsingExcel -->
