<?xml version="1.0" encoding="UTF-8"?>
<!-- Generated by org.testng.reporters.JUnitReportReporter -->
<testsuite hostname="Kumarswamy-PC" failures="0" tests="6" name="com.V_tiger.Contact.CreateContactTest" time="117.220" errors="0" timestamp="2025-03-04T15:07:39 IST" skipped="0">
  <testcase classname="com.V_tiger.Contact.CreateContactTest" name="createContactWithOrgTest" time="28.395"/>
  <testcase classname="com.V_tiger.Contact.CreateContactTest" name="createContactWithOrgTest" time="25.735"/>
  <testcase classname="com.V_tiger.Contact.CreateContactTest" name="createContactWithDateTest" time="15.464"/>
  <testcase classname="com.V_tiger.Contact.CreateContactTest" name="createContactWithNameTest" time="15.456"/>
  <testcase classname="com.V_tiger.Contact.CreateContactTest" name="createContactWithDateTest" time="16.884"/>
  <testcase classname="com.V_tiger.Contact.CreateContactTest" name="createContactWithNameTest" time="15.286"/>
</testsuite> <!-- com.V_tiger.Contact.CreateContactTest -->
