<?xml version="1.0" encoding="UTF-8"?>
<!-- Generated by org.testng.reporters.JUnitReportReporter -->
<testsuite hostname="Kumarswamy-PC" failures="0" tests="6" name="com.V_tiger.Organization.CreateOrganizationTest" time="116.673" errors="0" timestamp="2025-03-04T12:45:14 IST" skipped="0">
  <testcase classname="com.V_tiger.Organization.CreateOrganizationTest" name="createOrgWithPhoneTest" time="13.354"/>
  <testcase classname="com.V_tiger.Organization.CreateOrganizationTest" name="createOrgWithTypeTest" time="29.115"/>
  <testcase classname="com.V_tiger.Organization.CreateOrganizationTest" name="createOrgWithTypeTest" time="13.034"/>
  <testcase classname="com.V_tiger.Organization.CreateOrganizationTest" name="createOrgWithNameTest" time="35.176"/>
  <testcase classname="com.V_tiger.Organization.CreateOrganizationTest" name="createOrgWithNameTest" time="13.317"/>
  <testcase classname="com.V_tiger.Organization.CreateOrganizationTest" name="createOrgWithPhoneTest" time="12.677"/>
</testsuite> <!-- com.V_tiger.Organization.CreateOrganizationTest -->
