<?xml version="1.0" encoding="UTF-8"?>
<!-- Generated by org.testng.reporters.JUnitReportReporter -->
<testsuite hostname="Kumarswamy-PC" failures="0" tests="1" name="com.V_tiger.Contact.CreateContactTest" time="14.324" errors="0" timestamp="2025-03-04T17:09:06 IST" skipped="0">
  <testcase classname="com.V_tiger.Contact.CreateContactTest" name="createContactWithNameTest" time="14.324"/>
</testsuite> <!-- com.V_tiger.Contact.CreateContactTest -->
