<?xml version="1.0" encoding="UTF-8"?>
<!-- Generated by org.testng.reporters.JUnitReportReporter -->
<testsuite hostname="Kumarswamy-PC" failures="0" tests="3" name="com.V_tiger.Organization.CreateOrganizationTest" time="111.315" errors="0" timestamp="2025-03-02T19:07:23 IST" skipped="0">
  <testcase classname="com.V_tiger.Organization.CreateOrganizationTest" name="createOrgWithTypeTest" time="36.274"/>
  <testcase classname="com.V_tiger.Organization.CreateOrganizationTest" name="createOrgWithNameTest" time="38.434"/>
  <testcase classname="com.V_tiger.Organization.CreateOrganizationTest" name="createOrgWithPhoneTest" time="36.607"/>
</testsuite> <!-- com.V_tiger.Organization.CreateOrganizationTest -->
