<?xml version="1.0" encoding="UTF-8"?>
<!-- Generated by org.testng.reporters.JUnitReportReporter -->
<testsuite hostname="Kumarswamy-PC" failures="0" tests="6" name="com.V_tiger.Contact.CreateContactTest" time="96.947" errors="0" timestamp="2025-03-04T12:45:14 IST" skipped="0">
  <testcase classname="com.V_tiger.Contact.CreateContactTest" name="createContactWithNameTest" time="12.056"/>
  <testcase classname="com.V_tiger.Contact.CreateContactTest" name="createContactWithNameTest" time="12.575"/>
  <testcase classname="com.V_tiger.Contact.CreateContactTest" name="createContactWithDateTest" time="14.158"/>
  <testcase classname="com.V_tiger.Contact.CreateContactTest" name="createContactWithOrgTest" time="20.772"/>
  <testcase classname="com.V_tiger.Contact.CreateContactTest" name="createContactWithDateTest" time="14.118"/>
  <testcase classname="com.V_tiger.Contact.CreateContactTest" name="createContactWithOrgTest" time="23.268"/>
</testsuite> <!-- com.V_tiger.Contact.CreateContactTest -->
