<?xml version="1.0" encoding="UTF-8"?>
<!-- Generated by org.testng.reporters.JUnitReportReporter -->
<testsuite hostname="Kumarswamy-PC" failures="0" tests="3" name="TestNG_Basics.DataProviderUsage" time="0.011" errors="0" timestamp="2025-02-11T14:53:33 IST" skipped="0">
  <testcase classname="TestNG_Basics.DataProviderUsage" name="test" time="0.002"/>
  <testcase classname="TestNG_Basics.DataProviderUsage" name="test" time="0.001"/>
  <testcase classname="TestNG_Basics.DataProviderUsage" name="test" time="0.008"/>
</testsuite> <!-- TestNG_Basics.DataProviderUsage -->
