<?xml version="1.0" encoding="UTF-8"?>
<!-- Generated by org.testng.reporters.JUnitReportReporter -->
<testsuite hostname="Kumarswamy-PC" failures="0" tests="1" name="com.V_tiger.Organization.CreateOrganizationTest" time="14.468" errors="0" timestamp="2025-03-02T19:31:16 IST" skipped="0">
  <testcase classname="com.V_tiger.Organization.CreateOrganizationTest" name="createOrgWithNameTest" time="14.468"/>
</testsuite> <!-- com.V_tiger.Organization.CreateOrganizationTest -->
