<?xml version="1.0" encoding="UTF-8"?>
<!-- Generated by org.testng.reporters.JUnitReportReporter -->
<testsuite hostname="Kumarswamy-PC" failures="0" tests="2" name="com.V_tiger.Organization.CreateOrganizationTest" time="55.315" errors="0" timestamp="2025-03-03T17:41:03 IST" skipped="0">
  <testcase classname="com.V_tiger.Organization.CreateOrganizationTest" name="createOrgWithPhoneTest" time="28.292"/>
  <testcase classname="com.V_tiger.Organization.CreateOrganizationTest" name="createOrgWithTypeTest" time="27.023"/>
</testsuite> <!-- com.V_tiger.Organization.CreateOrganizationTest -->
