<?xml version="1.0" encoding="UTF-8"?>
<!-- Generated by org.testng.reporters.JUnitReportReporter -->
<testsuite hostname="Kumarswamy-PC" failures="0" tests="3" name="com.V_tiger.Contact.CreateContactTest" time="134.634" errors="0" timestamp="2025-03-02T19:07:23 IST" skipped="0">
  <testcase classname="com.V_tiger.Contact.CreateContactTest" name="createContactWithOrgTest" time="62.780"/>
  <testcase classname="com.V_tiger.Contact.CreateContactTest" name="createContactWithDateTest" time="36.837"/>
  <testcase classname="com.V_tiger.Contact.CreateContactTest" name="createContactWithNameTest" time="35.017"/>
</testsuite> <!-- com.V_tiger.Contact.CreateContactTest -->
